<?xml version="1.0" encoding="UTF-8"?>
<!-- Generated by org.testng.reporters.JUnitReportReporter -->
<testsuite skipped="0" hostname="PC4121" name="com.ecommerce.testcases.VerifySortByNameOnMobileListPage" tests="1" failures="0" timestamp="10 Jul 2020 11:12:57 GMT" time="121.063" errors="0">
  <testcase name="verifySorting" time="121.063" classname="com.ecommerce.testcases.VerifySortByNameOnMobileListPage"/>
</testsuite> <!-- com.ecommerce.testcases.VerifySortByNameOnMobileListPage -->
