<?xml version="1.0" encoding="UTF-8"?>
<!-- Generated by org.testng.reporters.JUnitReportReporter -->
<testsuite skipped="0" hostname="PC4121" name="com.ecommerce.testcases.VerifySortByNameOnMobileListPage" tests="1" failures="0" timestamp="11 Jul 2020 13:43:13 GMT" time="61.882" errors="0">
  <testcase name="verifySorting" time="61.882" classname="com.ecommerce.testcases.VerifySortByNameOnMobileListPage"/>
</testsuite> <!-- com.ecommerce.testcases.VerifySortByNameOnMobileListPage -->
